This is pdfTeX, Version 3.1415926-1.40.10 (TeX Live 2009/Debian) (format=pdflatex 2011.8.9)  8 OCT 2011 13:30
entering extended mode
 %&-line parsing enabled.
**apaexample.tex
(./apaexample.tex
LaTeX2e <2009/09/24>
Babel <v3.8l> and hyphenation patterns for english, usenglishmax, dumylang, noh
yphenation, loaded.
(./apa.cls
Document Class: apa 2008/12/09 American Psychological Association format v1.3.4


Class apa Warning: Using BibTeX with apacite for citations and references.

(/usr/share/texmf-texlive/tex/latex/base/article.cls
Document Class: article 2007/10/19 v1.4h Standard LaTeX document class
(/usr/share/texmf-texlive/tex/latex/base/size11.clo
File: size11.clo 2007/10/19 v1.4h Standard LaTeX file (size option)
)
\c@part=\count79
\c@section=\count80
\c@subsection=\count81
\c@subsubsection=\count82
\c@paragraph=\count83
\c@subparagraph=\count84
\c@figure=\count85
\c@table=\count86
\abovecaptionskip=\skip41
\belowcaptionskip=\skip42
\bibindent=\dimen102
)

! LaTeX Error: File `apacite.sty' not found.

Type X to quit or <RETURN> to proceed,
or enter new name. (Default extension: sty)

Enter file name: 
! Emergency stop.
<read *> 
         
l.227 ...kage[bibnewpage]{apacite}[2005/06/08]}}{}
                                                  ^^M
*** (cannot \read from terminal in nonstop modes)

 
Here is how much of TeX's memory you used:
 270 strings out of 495061
 2768 string characters out of 1182622
 47455 words of memory out of 3000000
 3534 multiletter control sequences out of 15000+50000
 3940 words of font info for 15 fonts, out of 3000000 for 9000
 28 hyphenation exceptions out of 8191
 29i,0n,23p,143b,36s stack positions out of 5000i,500n,10000p,200000b,50000s
!  ==> Fatal error occurred, no output PDF file produced!
